maxTotalPoints: 28
messages: []
mode: all
parts:
- maxPoints: 5
  maxSeconds: 10
  messages: []
  name: 3.1.A
  points: 5
  seconds: 0
- maxPoints: 3
  maxSeconds: 10
  messages: []
  name: 3.1.C
  points: 3
  seconds: 0
- maxPoints: 5
  maxSeconds: 10
  messages:
  - Expected '12.23053697', but got '0.0'
  - "Expected '[[3.98942000e-03 1.29517000e-03 4.43184841e-05 1.59837411e-07]\n [3.98942000e-03\
    \ 1.59612000e-03 1.02220000e-04 1.04791312e-06]\n [3.98942000e-03 1.92527000e-03\
    \ 2.16390000e-04 5.66442936e-06]\n [3.98942000e-03 2.27303000e-03 4.20420000e-04\
    \ 2.52447508e-05]\n [3.98942000e-03 2.62667000e-03 7.49700000e-04 9.27619886e-05]\n\
    \ [3.98942000e-03 2.97093000e-03 1.22698000e-03 2.81030000e-04]\n [3.98942000e-03\
    \ 3.28902000e-03 1.84304000e-03 7.01970000e-04]\n [3.98942000e-03 3.56392000e-03\
    \ 2.54086000e-03 1.44567000e-03]\n [3.98942000e-03 3.77986000e-03 3.21495000e-03\
    \ 2.45474000e-03]\n [3.98942000e-03 3.92384000e-03 3.73350000e-03 3.43657000e-03]]',\
    \ but got '[[0. 0. 0. 0.]\n [0. 0. 0. 0.]\n [0. 0. 0. 0.]\n [0. 0. 0. 0.]\n [0.\
    \ 0. 0. 0.]\n [0. 0. 0. 0.]\n [0. 0. 0. 0.]\n [0. 0. 0. 0.]\n [0. 0. 0. 0.]\n\
    \ [0. 0. 0. 0.]]'"
  - Expected '20847.31323018', but got '0.0'
  - "Expected '[[ 6.99621860e+00 -4.08019094e+00 -3.29779364e+00 -1.80442568e+01]\n\
    \ [ 1.48254668e+01  1.20611220e-01 -9.03123614e+00 -1.99745065e+01]\n [ 1.51454578e+01\
    \ -3.38238696e+00 -3.86667952e+00 -2.05628382e+01]\n [ 5.18771309e+00 -2.30520941e+00\
    \  1.25958124e+00 -1.29437335e+01]\n [ 6.04687227e+00  1.35590381e+01 -3.64638743e+00\
    \ -9.43561295e+00]\n [-4.50345363e+00  1.50293297e+00 -1.42376035e+00 -5.10719999e+00]\n\
    \ [ 2.92193044e+00  5.46966167e+00  1.81385490e-01 -6.84998435e+00]\n [ 3.45361105e+00\
    \ -2.07118383e+00 -2.54321000e-03 -8.71868044e+00]\n [ 4.58711350e+00  3.70030470e-01\
    \  1.75446475e+00 -1.10931706e+01]\n [ 6.45893227e+00  4.77229527e+00 -6.80723630e-01\
    \ -3.12324914e+00]]', but got '[[0. 0. 0. 0.]\n [0. 0. 0. 0.]\n [0. 0. 0. 0.]\n\
    \ [0. 0. 0. 0.]\n [0. 0. 0. 0.]\n [0. 0. 0. 0.]\n [0. 0. 0. 0.]\n [0. 0. 0. 0.]\n\
    \ [0. 0. 0. 0.]\n [0. 0. 0. 0.]]'"
  - Expected '41682.39592339', but got '0.0'
  - "Expected '[[ 1.39884478e+01 -8.16167706e+00 -6.59563159e+00 -3.60885137e+01]\n\
    \ [ 2.96469441e+01  2.39626330e-01 -1.80625745e+01 -3.99490141e+01]\n [ 3.02869261e+01\
    \ -6.76669921e+00 -7.73357544e+00 -4.11256821e+01]\n [ 1.03714368e+01 -4.61269186e+00\
    \  2.51874206e+00 -2.58874923e+01]\n [ 1.20897551e+01  2.71154495e+01 -7.29352457e+00\
    \ -1.88713187e+01]\n [-9.01089669e+00  3.00289501e+00 -2.84874770e+00 -1.02146810e+01]\n\
    \ [ 5.83987146e+00  1.09360343e+01  3.60927940e-01 -1.37006707e+01]\n [ 6.90323268e+00\
    \ -4.14593159e+00 -7.62729000e-03 -1.74388066e+01]\n [ 9.17023758e+00  7.36281080e-01\
    \  3.50571454e+00 -2.21887959e+01]\n [ 1.29138751e+01  9.54066670e+00 -1.36518077e+00\
    \ -6.24993485e+00]]', but got '[[0. 0. 0. 0.]\n [0. 0. 0. 0.]\n [0. 0. 0. 0.]\n\
    \ [0. 0. 0. 0.]\n [0. 0. 0. 0.]\n [0. 0. 0. 0.]\n [0. 0. 0. 0.]\n [0. 0. 0. 0.]\n\
    \ [0. 0. 0. 0.]\n [0. 0. 0. 0.]]'"
  name: 4.A
  points: 0
  seconds: 0
- maxPoints: 10
  maxSeconds: 10
  messages:
  - Expected '12.23053697', but got '0.0'
  - "Expected '[[3.98942000e-03 1.29517000e-03 4.43184841e-05 1.59837411e-07]\n [3.98942000e-03\
    \ 1.59612000e-03 1.02220000e-04 1.04791312e-06]\n [3.98942000e-03 1.92527000e-03\
    \ 2.16390000e-04 5.66442936e-06]\n [3.98942000e-03 2.27303000e-03 4.20420000e-04\
    \ 2.52447508e-05]\n [3.98942000e-03 2.62667000e-03 7.49700000e-04 9.27619886e-05]\n\
    \ [3.98942000e-03 2.97093000e-03 1.22698000e-03 2.81030000e-04]\n [3.98942000e-03\
    \ 3.28902000e-03 1.84304000e-03 7.01970000e-04]\n [3.98942000e-03 3.56392000e-03\
    \ 2.54086000e-03 1.44567000e-03]\n [3.98942000e-03 3.77986000e-03 3.21495000e-03\
    \ 2.45474000e-03]\n [3.98942000e-03 3.92384000e-03 3.73350000e-03 3.43657000e-03]]',\
    \ but got '[[0. 0. 0. 0.]\n [0. 0. 0. 0.]\n [0. 0. 0. 0.]\n [0. 0. 0. 0.]\n [0.\
    \ 0. 0. 0.]\n [0. 0. 0. 0.]\n [0. 0. 0. 0.]\n [0. 0. 0. 0.]\n [0. 0. 0. 0.]\n\
    \ [0. 0. 0. 0.]]'"
  - Expected '20847.31323018', but got '0.0'
  - "Expected '[[ 6.99621860e+00 -4.08019094e+00 -3.29779364e+00 -1.80442568e+01]\n\
    \ [ 1.48254668e+01  1.20611220e-01 -9.03123614e+00 -1.99745065e+01]\n [ 1.51454578e+01\
    \ -3.38238696e+00 -3.86667952e+00 -2.05628382e+01]\n [ 5.18771309e+00 -2.30520941e+00\
    \  1.25958124e+00 -1.29437335e+01]\n [ 6.04687227e+00  1.35590381e+01 -3.64638743e+00\
    \ -9.43561295e+00]\n [-4.50345363e+00  1.50293297e+00 -1.42376035e+00 -5.10719999e+00]\n\
    \ [ 2.92193044e+00  5.46966167e+00  1.81385490e-01 -6.84998435e+00]\n [ 3.45361105e+00\
    \ -2.07118383e+00 -2.54321000e-03 -8.71868044e+00]\n [ 4.58711350e+00  3.70030470e-01\
    \  1.75446475e+00 -1.10931706e+01]\n [ 6.45893227e+00  4.77229527e+00 -6.80723630e-01\
    \ -3.12324914e+00]]', but got '[[0. 0. 0. 0.]\n [0. 0. 0. 0.]\n [0. 0. 0. 0.]\n\
    \ [0. 0. 0. 0.]\n [0. 0. 0. 0.]\n [0. 0. 0. 0.]\n [0. 0. 0. 0.]\n [0. 0. 0. 0.]\n\
    \ [0. 0. 0. 0.]\n [0. 0. 0. 0.]]'"
  - Expected '41682.39592339', but got '0.0'
  - "Expected '[[ 1.39884478e+01 -8.16167706e+00 -6.59563159e+00 -3.60885137e+01]\n\
    \ [ 2.96469441e+01  2.39626330e-01 -1.80625745e+01 -3.99490141e+01]\n [ 3.02869261e+01\
    \ -6.76669921e+00 -7.73357544e+00 -4.11256821e+01]\n [ 1.03714368e+01 -4.61269186e+00\
    \  2.51874206e+00 -2.58874923e+01]\n [ 1.20897551e+01  2.71154495e+01 -7.29352457e+00\
    \ -1.88713187e+01]\n [-9.01089669e+00  3.00289501e+00 -2.84874770e+00 -1.02146810e+01]\n\
    \ [ 5.83987146e+00  1.09360343e+01  3.60927940e-01 -1.37006707e+01]\n [ 6.90323268e+00\
    \ -4.14593159e+00 -7.62729000e-03 -1.74388066e+01]\n [ 9.17023758e+00  7.36281080e-01\
    \  3.50571454e+00 -2.21887959e+01]\n [ 1.29138751e+01  9.54066670e+00 -1.36518077e+00\
    \ -6.24993485e+00]]', but got '[[0. 0. 0. 0.]\n [0. 0. 0. 0.]\n [0. 0. 0. 0.]\n\
    \ [0. 0. 0. 0.]\n [0. 0. 0. 0.]\n [0. 0. 0. 0.]\n [0. 0. 0. 0.]\n [0. 0. 0. 0.]\n\
    \ [0. 0. 0. 0.]\n [0. 0. 0. 0.]]'"
  name: 4.B
  points: 0
  seconds: 0
- maxPoints: 5
  maxSeconds: 10
  messages:
  - Expected '[0 9 9]', but got '[0. 0. 0.]'
  name: 4.C
  points: 0
  seconds: 0
totalPoints: 8
