maxTotalPoints: 45
messages: []
mode: all
parts:
- maxPoints: 10
  maxSeconds: 10
  messages:
  - "Expected '[[-1.89253666e-02 -1.91131332e-02 -1.88036727e-02 ... -1.89681927e-02\n\
    \  -1.87712912e-02 -1.86992514e-02]\n [ 1.77057931e-04  1.44074317e-03  1.19695639e-04\
    \ ...  9.48960919e-04\n  -1.01884056e-03 -2.75492986e-04]\n [-1.94336648e-04 -2.62943519e-04\
    \ -3.19417515e-04 ...  9.50753376e-04\n  -2.12842777e-04 -3.15787728e-04]\n ...\n\
    \ [-2.12714131e-04  6.23129212e-04  6.48389345e-04 ...  6.07677282e-05\n  -9.20057004e-04\
    \ -4.40682935e-04]\n [-1.65230985e-04 -4.42896335e-04 -2.42305804e-04 ...  1.45693952e-03\n\
    \  -2.85044534e-04 -8.73666407e-04]\n [ 6.85264488e-04 -3.08408687e-04 -5.02577261e-04\
    \ ...  2.24570299e-05\n   7.41888783e-04  1.27926231e-04]]', but got '[[-1.91297183e-02\
    \ -1.93231116e-02 -1.90108093e-02 ... -1.91784688e-02\n  -1.89781090e-02 -1.89021047e-02]\n\
    \ [ 1.77287816e-04  1.44491448e-03  1.23391786e-04 ...  9.48043359e-04\n  -1.02091833e-03\
    \ -2.76247540e-04]\n [-1.94261800e-04 -2.65827847e-04 -3.19354832e-04 ...  9.53017135e-04\n\
    \  -2.13525173e-04 -3.16786756e-04]\n ...\n [-2.10791454e-04  6.25581691e-04 \
    \ 6.47034681e-04 ...  5.88713948e-05\n  -9.23879888e-04 -4.41994016e-04]\n [-1.66525892e-04\
    \ -4.44628888e-04 -2.42047274e-04 ...  1.45727381e-03\n  -2.82886901e-04 -8.74467914e-04]\n\
    \ [ 6.86471369e-04 -3.09977788e-04 -5.01658414e-04 ...  2.26448934e-05\n   7.44678085e-04\
    \  1.29806181e-04]]'"
  name: '6.1'
  points: 0
  seconds: 165
- maxPoints: 5
  maxSeconds: 10
  messages: []
  name: '6.2'
  points: 5
  seconds: 0
- maxPoints: 5
  maxSeconds: 10
  messages: []
  name: '7.1'
  points: 5
  seconds: 12
- maxPoints: 5
  maxSeconds: 10
  messages: []
  name: '7.2'
  points: 5
  seconds: 1
- maxPoints: 5
  maxSeconds: 10
  messages: []
  name: 7.3.1
  points: 5
  seconds: 0
- maxPoints: 5
  maxSeconds: 10
  messages: []
  name: 7.3.2
  points: 5
  seconds: 0
- maxPoints: 5
  maxSeconds: 10
  messages: []
  name: '7.4'
  points: 5
  seconds: 0
- maxPoints: 1
  maxSeconds: 10
  messages: []
  name: 7.5.1
  points: 1
  seconds: 4
- maxPoints: 1
  maxSeconds: 10
  messages: []
  name: 7.5.2
  points: 1
  seconds: 0
- maxPoints: 3
  maxSeconds: 10
  messages: []
  name: 7.5.3
  points: 3
  seconds: 0
totalPoints: 35
